Using pre-set license
Built from '2020.3/staging' branch; Version is '2020.3.26f1 (7298b473bc1a) revision 7510196'; Using compiler version '192528614'; Build Type 'Release'
OS: 'Windows 10  (10.0.19042) 64bit Core' Language: 'en' Physical Memory: 16063 MB
BatchMode: 1, IsHumanControllingUs: 0, StartBugReporterOnCrash: 0, Is64bit: 1, IsPro: 0

COMMAND LINE ARGUMENTS:
C:\Program Files\Unity 2020.3.26f1\Editor\Unity.exe
-adb2
-batchMode
-noUpm
-name
AssetImportWorker0
-projectPath
C:/Users/ensna/Desktop/UnityProjects/Super Mario Land
-logFile
Logs/AssetImportWorker0.log
-srvPort
56693
Successfully changed project path to: C:/Users/ensna/Desktop/UnityProjects/Super Mario Land
C:/Users/ensna/Desktop/UnityProjects/Super Mario Land
Using Asset Import Pipeline V2.
Refreshing native plugins compatible for Editor in 68.93 ms, found 3 plugins.
Preloading 0 native plugins for Editor in 0.00 ms.
Initialize engine version: 2020.3.26f1 (7298b473bc1a)
[Subsystems] Discovering subsystems at path C:/Program Files/Unity 2020.3.26f1/Editor/Data/Resources/UnitySubsystems
[Subsystems] Discovering subsystems at path C:/Users/ensna/Desktop/UnityProjects/Super Mario Land/Assets
GfxDevice: creating device client; threaded=0
Direct3D:
    Version:  Direct3D 11.0 [level 11.1]
    Renderer: NVIDIA GeForce GTX 1660 Ti with Max-Q Design (ID=0x2191)
    Vendor:   
    VRAM:     5991 MB
    Driver:   27.21.14.5763
Initialize mono
Mono path[0] = 'C:/Program Files/Unity 2020.3.26f1/Editor/Data/Managed'
Mono path[1] = 'C:/Program Files/Unity 2020.3.26f1/Editor/Data/MonoBleedingEdge/lib/mono/unityjit'
Mono config path = 'C:/Program Files/Unity 2020.3.26f1/Editor/Data/MonoBleedingEdge/etc'
Using monoOptions --debugger-agent=transport=dt_socket,embedding=1,server=y,suspend=n,address=127.0.0.1:56384
Begin MonoManager ReloadAssembly
Registering precompiled unity dll's ...
Register platform support module: C:/Program Files/Unity 2020.3.26f1/Editor/Data/PlaybackEngines/WindowsStandaloneSupport/UnityEditor.WindowsStandalone.Extensions.dll
Registered in 0.004181 seconds.
Native extension for WindowsStandalone target not found
Refreshing native plugins compatible for Editor in 55.61 ms, found 3 plugins.
Preloading 0 native plugins for Editor in 0.00 ms.
Mono: successfully reloaded assembly
- Completed reload, in  0.817 seconds
Domain Reload Profiling:
	ReloadAssembly (817ms)
		BeginReloadAssembly (91ms)
			ExecutionOrderSort (0ms)
			DisableScriptedObjects (0ms)
			BackupInstance (0ms)
			ReleaseScriptingObjects (0ms)
			CreateAndSetChildDomain (1ms)
		EndReloadAssembly (613ms)
			LoadAssemblies (87ms)
			RebuildTransferFunctionScriptingTraits (0ms)
			SetupTypeCache (206ms)
			ReleaseScriptCaches (0ms)
			RebuildScriptCaches (36ms)
			SetupLoadedEditorAssemblies (229ms)
				LogAssemblyErrors (0ms)
				InitializePlatformSupportModulesInManaged (6ms)
				SetLoadedEditorAssemblies (0ms)
				RefreshPlugins (56ms)
				BeforeProcessingInitializeOnLoad (10ms)
				ProcessInitializeOnLoadAttributes (113ms)
				ProcessInitializeOnLoadMethodAttributes (44ms)
				AfterProcessingInitializeOnLoad (0ms)
				EditorAssembliesLoaded (0ms)
			ExecutionOrderSort2 (0ms)
			AwakeInstancesAfterBackupRestoration (0ms)
Platform modules already initialized, skipping
Registering precompiled user dll's ...
Registered in 0.007818 seconds.
Begin MonoManager ReloadAssembly
Native extension for WindowsStandalone target not found
Refreshing native plugins compatible for Editor in 56.85 ms, found 3 plugins.
Preloading 0 native plugins for Editor in 0.00 ms.
Mono: successfully reloaded assembly
- Completed reload, in  1.644 seconds
Domain Reload Profiling:
	ReloadAssembly (1645ms)
		BeginReloadAssembly (222ms)
			ExecutionOrderSort (0ms)
			DisableScriptedObjects (6ms)
			BackupInstance (0ms)
			ReleaseScriptingObjects (0ms)
			CreateAndSetChildDomain (30ms)
		EndReloadAssembly (1315ms)
			LoadAssemblies (186ms)
			RebuildTransferFunctionScriptingTraits (0ms)
			SetupTypeCache (414ms)
			ReleaseScriptCaches (1ms)
			RebuildScriptCaches (58ms)
			SetupLoadedEditorAssemblies (515ms)
				LogAssemblyErrors (0ms)
				InitializePlatformSupportModulesInManaged (4ms)
				SetLoadedEditorAssemblies (0ms)
				RefreshPlugins (57ms)
				BeforeProcessingInitializeOnLoad (99ms)
				ProcessInitializeOnLoadAttributes (303ms)
				ProcessInitializeOnLoadMethodAttributes (36ms)
				AfterProcessingInitializeOnLoad (14ms)
				EditorAssembliesLoaded (0ms)
			ExecutionOrderSort2 (0ms)
			AwakeInstancesAfterBackupRestoration (13ms)
Platform modules already initialized, skipping
========================================================================
Worker process is ready to serve import requests
Launched and connected shader compiler UnityShaderCompiler.exe after 0.07 seconds
Refreshing native plugins compatible for Editor in 1.04 ms, found 3 plugins.
Preloading 0 native plugins for Editor in 0.00 ms.
Unloading 2197 Unused Serialized files (Serialized files now loaded: 0)
System memory in use before: 95.9 MB.
System memory in use after: 95.9 MB.

Unloading 28 unused Assets to reduce memory usage. Loaded Objects now: 2630.
Total: 4.351400 ms (FindLiveObjects: 0.244400 ms CreateObjectMapping: 0.062600 ms MarkObjects: 3.914300 ms  DeleteObjects: 0.128400 ms)

AssetImportParameters requested are different than current active one (requested -> active):
  custom:framework-win-MediaFoundation: 216162199b28c13a410421893ffa2e32 -> 
  custom:video-decoder-ogg-theora: a1e56fd34408186e4bbccfd4996cb3dc -> 
  custom:container-muxer-webm: aa71ff27fc2769a1b78a27578f13a17b -> 
  custom:container-demuxer-webm: 4f35f7cbe854078d1ac9338744f61a02 -> 
  custom:container-demuxer-ogg: 62fdf1f143b41e24485cea50d1cbac27 -> 
  custom:video-encoder-webm-vp8: eb34c28f22e8b96e1ab97ce403110664 -> 
  custom:video-codec-MediaFoundation-h265: 746d11721c4dcdbdad8f713fa42b33f4 -> 
  custom:video-decoder-webm-vp8: 9c59270c3fd7afecdb556c50c9e8de78 -> 
  custom:audio-decoder-ogg-vorbis: bf7c407c2cedff20999df2af8eb42d56 -> 
  custom:audio-encoder-webm-vorbis: bf7c407c2cedff20999df2af8eb42d56 -> 
========================================================================
Received Import Request.
  path: Assets
  artifactKey: Guid(00000000000000001000000000000000) Importer(815301076,1909f56bfc062723c751e8b465ee728b)
Start importing Assets using Guid(00000000000000001000000000000000) Importer(815301076,1909f56bfc062723c751e8b465ee728b)  -> (artifact id: '42d402b061de3733987d63b9cc3b64de') in 0.008505 seconds 
  Import took 0.013176 seconds .

========================================================================
Received Import Request.
  Time since last request: 1.131255 seconds.
  path: Assets/Scripts
  artifactKey: Guid(2e4e2cc98a939024f9a9540144d2ffc3) Importer(815301076,1909f56bfc062723c751e8b465ee728b)
Start importing Assets/Scripts using Guid(2e4e2cc98a939024f9a9540144d2ffc3) Importer(815301076,1909f56bfc062723c751e8b465ee728b)  -> (artifact id: 'e9be01b92f1c7e1bfe419683513b9abf') in 0.005570 seconds 
  Import took 0.013615 seconds .

========================================================================
Received Import Request.
  Time since last request: 29.728823 seconds.
  path: Assets/New Folder
  artifactKey: Guid(d083a44c7fc28ca498a4bbf7821324fb) Importer(815301076,1909f56bfc062723c751e8b465ee728b)
Start importing Assets/New Folder using Guid(d083a44c7fc28ca498a4bbf7821324fb) Importer(815301076,1909f56bfc062723c751e8b465ee728b)  -> (artifact id: '06e9a35298b087d7023f305720138b3c') in 0.004235 seconds 
  Import took 0.009161 seconds .

========================================================================
Received Import Request.
  Time since last request: 10.202589 seconds.
  path: Assets/Prefabs
  artifactKey: Guid(d083a44c7fc28ca498a4bbf7821324fb) Importer(815301076,1909f56bfc062723c751e8b465ee728b)
Start importing Assets/Prefabs using Guid(d083a44c7fc28ca498a4bbf7821324fb) Importer(815301076,1909f56bfc062723c751e8b465ee728b)  -> (artifact id: '4a8a51b2cafa30f26ce3f4e091f7b815') in 0.003886 seconds 
  Import took 0.008901 seconds .

========================================================================
Received Import Request.
  Time since last request: 245.186882 seconds.
  path: Assets/New Folder
  artifactKey: Guid(0dc00edc1e2aef94fa665f8eea5139bb) Importer(815301076,1909f56bfc062723c751e8b465ee728b)
Start importing Assets/New Folder using Guid(0dc00edc1e2aef94fa665f8eea5139bb) Importer(815301076,1909f56bfc062723c751e8b465ee728b)  -> (artifact id: 'bb88b91edfe3b9a0280ee5fb151a519a') in 0.004161 seconds 
  Import took 0.008765 seconds .

========================================================================
Received Import Request.
  Time since last request: 52.398652 seconds.
  path: Assets/Sprites
  artifactKey: Guid(0dc00edc1e2aef94fa665f8eea5139bb) Importer(815301076,1909f56bfc062723c751e8b465ee728b)
Start importing Assets/Sprites using Guid(0dc00edc1e2aef94fa665f8eea5139bb) Importer(815301076,1909f56bfc062723c751e8b465ee728b)  -> (artifact id: '16a450fc81358c4119de44c1bad919b9') in 0.004441 seconds 
  Import took 0.009850 seconds .

========================================================================
Received Import Request.
  Time since last request: 27.904921 seconds.
  path: Assets/Character Sprites
  artifactKey: Guid(0dc00edc1e2aef94fa665f8eea5139bb) Importer(815301076,1909f56bfc062723c751e8b465ee728b)
Start importing Assets/Character Sprites using Guid(0dc00edc1e2aef94fa665f8eea5139bb) Importer(815301076,1909f56bfc062723c751e8b465ee728b)  -> (artifact id: 'bcc3b0d2e8a5fb7aea870ad3ac38037e') in 0.004439 seconds 
  Import took 0.009070 seconds .

========================================================================
Received Import Request.
  Time since last request: 3.888941 seconds.
  path: Assets/Characters
  artifactKey: Guid(0dc00edc1e2aef94fa665f8eea5139bb) Importer(815301076,1909f56bfc062723c751e8b465ee728b)
Start importing Assets/Characters using Guid(0dc00edc1e2aef94fa665f8eea5139bb) Importer(815301076,1909f56bfc062723c751e8b465ee728b)  -> (artifact id: '2bd4b09a48074ccd417337a170b69ecd') in 0.004222 seconds 
  Import took 0.009718 seconds .

========================================================================
Received Import Request.
  Time since last request: 10.614060 seconds.
  path: Assets/Structures
  artifactKey: Guid(ee0a7e0709145e942b0d30d51acd62a9) Importer(815301076,1909f56bfc062723c751e8b465ee728b)
Start importing Assets/Structures using Guid(ee0a7e0709145e942b0d30d51acd62a9) Importer(815301076,1909f56bfc062723c751e8b465ee728b)  -> (artifact id: 'c0facd36e7a4616209a13fee8ef77da7') in 0.004364 seconds 
  Import took 0.009674 seconds .

========================================================================
Received Import Request.
  Time since last request: 4.554680 seconds.
  path: Assets/Tiles
  artifactKey: Guid(a2d6b3a93e752434091a0fe328084db3) Importer(815301076,1909f56bfc062723c751e8b465ee728b)
Start importing Assets/Tiles using Guid(a2d6b3a93e752434091a0fe328084db3) Importer(815301076,1909f56bfc062723c751e8b465ee728b)  -> (artifact id: 'c3977d0e47e75180474c730db9aa7192') in 0.004206 seconds 
  Import took 0.009958 seconds .

========================================================================
Received Import Request.
  Time since last request: 9.220211 seconds.
  path: Assets/Sprites
  artifactKey: Guid(85d16f3d63211e9489f47fda4c8f4022) Importer(815301076,1909f56bfc062723c751e8b465ee728b)
Start importing Assets/Sprites using Guid(85d16f3d63211e9489f47fda4c8f4022) Importer(815301076,1909f56bfc062723c751e8b465ee728b)  -> (artifact id: '46311eab0cd427607e3ba8943fa918bd') in 0.003853 seconds 
  Import took 0.007702 seconds .

========================================================================
Received Import Request.
  Time since last request: 102.148449 seconds.
  path: Assets/Background
  artifactKey: Guid(85d16f3d63211e9489f47fda4c8f4022) Importer(815301076,1909f56bfc062723c751e8b465ee728b)
Start importing Assets/Background using Guid(85d16f3d63211e9489f47fda4c8f4022) Importer(815301076,1909f56bfc062723c751e8b465ee728b)  -> (artifact id: '15cea43c20ea7dfe9901310815d7eeef') in 0.004950 seconds 
  Import took 0.010032 seconds .

========================================================================
Received Import Request.
  Time since last request: 23.020793 seconds.
  path: Assets/Palettes
  artifactKey: Guid(c7beb36161378694081c7afbea33bbbe) Importer(815301076,1909f56bfc062723c751e8b465ee728b)
Start importing Assets/Palettes using Guid(c7beb36161378694081c7afbea33bbbe) Importer(815301076,1909f56bfc062723c751e8b465ee728b)  -> (artifact id: '8f2ae7045a1088b3b129da3e7082f549') in 0.005413 seconds 
  Import took 0.010788 seconds .

========================================================================
Received Import Request.
  Time since last request: 78.458090 seconds.
  path: Assets/Animations
  artifactKey: Guid(bf3a52eeefbca6c4fa0cf5fab0531f74) Importer(815301076,1909f56bfc062723c751e8b465ee728b)
Start importing Assets/Animations using Guid(bf3a52eeefbca6c4fa0cf5fab0531f74) Importer(815301076,1909f56bfc062723c751e8b465ee728b)  -> (artifact id: 'c11f9d8543e053e8dcbc39200c9b1b33') in 0.006098 seconds 
  Import took 0.010934 seconds .

========================================================================
Received Import Request.
  Time since last request: 9.451597 seconds.
  path: Assets/Scenes
  artifactKey: Guid(e699f1344ac00074698b1c44f50bbcd1) Importer(815301076,1909f56bfc062723c751e8b465ee728b)
Start importing Assets/Scenes using Guid(e699f1344ac00074698b1c44f50bbcd1) Importer(815301076,1909f56bfc062723c751e8b465ee728b)  -> (artifact id: '1e3c5cef61ba893db83ede29da83e7e5') in 0.004587 seconds 
  Import took 0.008575 seconds .

========================================================================
Received Import Request.
  Time since last request: 0.917227 seconds.
  path: Assets/Scenes/SampleScene.unity
  artifactKey: Guid(2cda990e2423bbf4892e6590ba056729) Importer(815301076,1909f56bfc062723c751e8b465ee728b)
Start importing Assets/Scenes/SampleScene.unity using Guid(2cda990e2423bbf4892e6590ba056729) Importer(815301076,1909f56bfc062723c751e8b465ee728b)  -> (artifact id: 'aa27944bdea339c97c39027c7eea529c') in 0.015320 seconds 
  Import took 0.020231 seconds .

========================================================================
Received Import Request.
  Time since last request: 23.775009 seconds.
  path: Assets/Scenes/Level 1.unity
  artifactKey: Guid(2cda990e2423bbf4892e6590ba056729) Importer(815301076,1909f56bfc062723c751e8b465ee728b)
Start importing Assets/Scenes/Level 1.unity using Guid(2cda990e2423bbf4892e6590ba056729) Importer(815301076,1909f56bfc062723c751e8b465ee728b)  -> (artifact id: 'a8053d71297876e2f564af185c5d8efc') in 0.004420 seconds 
  Import took 0.009232 seconds .

========================================================================
Received Import Request.
  Time since last request: 53.606181 seconds.
  path: Assets/Scripts/EscapeToExit.cs
  artifactKey: Guid(3067b93ea41c7854dae2be57b3423bd9) Importer(815301076,1909f56bfc062723c751e8b465ee728b)
Start importing Assets/Scripts/EscapeToExit.cs using Guid(3067b93ea41c7854dae2be57b3423bd9) Importer(815301076,1909f56bfc062723c751e8b465ee728b)  -> (artifact id: 'd9a3ea0ae7dc11a95b9e0b43613afe34') in 0.045033 seconds 
  Import took 0.050350 seconds .

========================================================================
Received Prepare
Registering precompiled user dll's ...
Registered in 0.008909 seconds.
Begin MonoManager ReloadAssembly
Native extension for WindowsStandalone target not found
Refreshing native plugins compatible for Editor in 0.72 ms, found 3 plugins.
Preloading 0 native plugins for Editor in 0.00 ms.
Mono: successfully reloaded assembly
- Completed reload, in  1.339 seconds
Domain Reload Profiling:
	ReloadAssembly (1340ms)
		BeginReloadAssembly (179ms)
			ExecutionOrderSort (0ms)
			DisableScriptedObjects (9ms)
			BackupInstance (0ms)
			ReleaseScriptingObjects (0ms)
			CreateAndSetChildDomain (49ms)
		EndReloadAssembly (1073ms)
			LoadAssemblies (141ms)
			RebuildTransferFunctionScriptingTraits (0ms)
			SetupTypeCache (361ms)
			ReleaseScriptCaches (1ms)
			RebuildScriptCaches (55ms)
			SetupLoadedEditorAssemblies (392ms)
				LogAssemblyErrors (0ms)
				InitializePlatformSupportModulesInManaged (7ms)
				SetLoadedEditorAssemblies (1ms)
				RefreshPlugins (1ms)
				BeforeProcessingInitializeOnLoad (95ms)
				ProcessInitializeOnLoadAttributes (263ms)
				ProcessInitializeOnLoadMethodAttributes (15ms)
				AfterProcessingInitializeOnLoad (11ms)
				EditorAssembliesLoaded (0ms)
			ExecutionOrderSort2 (0ms)
			AwakeInstancesAfterBackupRestoration (12ms)
Platform modules already initialized, skipping
Refreshing native plugins compatible for Editor in 0.64 ms, found 3 plugins.
Preloading 0 native plugins for Editor in 0.00 ms.
Unloading 2187 Unused Serialized files (Serialized files now loaded: 0)
System memory in use before: 95.3 MB.
System memory in use after: 95.4 MB.

Unloading 17 unused Assets to reduce memory usage. Loaded Objects now: 2633.
Total: 3.753300 ms (FindLiveObjects: 0.223200 ms CreateObjectMapping: 0.052200 ms MarkObjects: 3.454500 ms  DeleteObjects: 0.021700 ms)

AssetImportParameters requested are different than current active one (requested -> active):
  custom:framework-win-MediaFoundation: 216162199b28c13a410421893ffa2e32 -> 
  custom:video-decoder-ogg-theora: a1e56fd34408186e4bbccfd4996cb3dc -> 
  custom:container-muxer-webm: aa71ff27fc2769a1b78a27578f13a17b -> 
  custom:container-demuxer-webm: 4f35f7cbe854078d1ac9338744f61a02 -> 
  custom:container-demuxer-ogg: 62fdf1f143b41e24485cea50d1cbac27 -> 
  custom:video-encoder-webm-vp8: eb34c28f22e8b96e1ab97ce403110664 -> 
  custom:video-codec-MediaFoundation-h265: 746d11721c4dcdbdad8f713fa42b33f4 -> 
  custom:video-decoder-webm-vp8: 9c59270c3fd7afecdb556c50c9e8de78 -> 
  custom:audio-decoder-ogg-vorbis: bf7c407c2cedff20999df2af8eb42d56 -> 
  custom:audio-encoder-webm-vorbis: bf7c407c2cedff20999df2af8eb42d56 -> 
========================================================================
Received Prepare
Registering precompiled user dll's ...
Registered in 0.008774 seconds.
Begin MonoManager ReloadAssembly
Native extension for WindowsStandalone target not found
Refreshing native plugins compatible for Editor in 0.67 ms, found 3 plugins.
Preloading 0 native plugins for Editor in 0.00 ms.
Mono: successfully reloaded assembly
- Completed reload, in  1.275 seconds
Domain Reload Profiling:
	ReloadAssembly (1275ms)
		BeginReloadAssembly (146ms)
			ExecutionOrderSort (0ms)
			DisableScriptedObjects (9ms)
			BackupInstance (0ms)
			ReleaseScriptingObjects (0ms)
			CreateAndSetChildDomain (43ms)
		EndReloadAssembly (1038ms)
			LoadAssemblies (124ms)
			RebuildTransferFunctionScriptingTraits (0ms)
			SetupTypeCache (365ms)
			ReleaseScriptCaches (1ms)
			RebuildScriptCaches (48ms)
			SetupLoadedEditorAssemblies (381ms)
				LogAssemblyErrors (0ms)
				InitializePlatformSupportModulesInManaged (6ms)
				SetLoadedEditorAssemblies (1ms)
				RefreshPlugins (1ms)
				BeforeProcessingInitializeOnLoad (90ms)
				ProcessInitializeOnLoadAttributes (256ms)
				ProcessInitializeOnLoadMethodAttributes (15ms)
				AfterProcessingInitializeOnLoad (12ms)
				EditorAssembliesLoaded (0ms)
			ExecutionOrderSort2 (0ms)
			AwakeInstancesAfterBackupRestoration (13ms)
Platform modules already initialized, skipping
Refreshing native plugins compatible for Editor in 0.72 ms, found 3 plugins.
Preloading 0 native plugins for Editor in 0.00 ms.
Unloading 2187 Unused Serialized files (Serialized files now loaded: 0)
System memory in use before: 95.3 MB.
System memory in use after: 95.4 MB.

Unloading 17 unused Assets to reduce memory usage. Loaded Objects now: 2635.
Total: 4.582800 ms (FindLiveObjects: 0.231600 ms CreateObjectMapping: 0.062300 ms MarkObjects: 4.263700 ms  DeleteObjects: 0.023700 ms)

AssetImportParameters requested are different than current active one (requested -> active):
  custom:framework-win-MediaFoundation: 216162199b28c13a410421893ffa2e32 -> 
  custom:video-decoder-ogg-theora: a1e56fd34408186e4bbccfd4996cb3dc -> 
  custom:container-muxer-webm: aa71ff27fc2769a1b78a27578f13a17b -> 
  custom:container-demuxer-webm: 4f35f7cbe854078d1ac9338744f61a02 -> 
  custom:container-demuxer-ogg: 62fdf1f143b41e24485cea50d1cbac27 -> 
  custom:video-encoder-webm-vp8: eb34c28f22e8b96e1ab97ce403110664 -> 
  custom:video-codec-MediaFoundation-h265: 746d11721c4dcdbdad8f713fa42b33f4 -> 
  custom:video-decoder-webm-vp8: 9c59270c3fd7afecdb556c50c9e8de78 -> 
  custom:audio-decoder-ogg-vorbis: bf7c407c2cedff20999df2af8eb42d56 -> 
  custom:audio-encoder-webm-vorbis: bf7c407c2cedff20999df2af8eb42d56 -> 
========================================================================
Received Import Request.
  Time since last request: 50.838259 seconds.
  path: Assets/Scripts/EscapeToExit.cs
  artifactKey: Guid(3067b93ea41c7854dae2be57b3423bd9) Importer(815301076,1909f56bfc062723c751e8b465ee728b)
Start importing Assets/Scripts/EscapeToExit.cs using Guid(3067b93ea41c7854dae2be57b3423bd9) Importer(815301076,1909f56bfc062723c751e8b465ee728b)  -> (artifact id: '8b0b8db8ddb43e992c14c5da0348b210') in 0.007176 seconds 
  Import took 0.011883 seconds .

========================================================================
Received Prepare
Registering precompiled user dll's ...
Registered in 0.008956 seconds.
Begin MonoManager ReloadAssembly
Native extension for WindowsStandalone target not found
Refreshing native plugins compatible for Editor in 0.73 ms, found 3 plugins.
Preloading 0 native plugins for Editor in 0.00 ms.
Mono: successfully reloaded assembly
- Completed reload, in  1.391 seconds
Domain Reload Profiling:
	ReloadAssembly (1392ms)
		BeginReloadAssembly (153ms)
			ExecutionOrderSort (0ms)
			DisableScriptedObjects (7ms)
			BackupInstance (0ms)
			ReleaseScriptingObjects (0ms)
			CreateAndSetChildDomain (43ms)
		EndReloadAssembly (1104ms)
			LoadAssemblies (143ms)
			RebuildTransferFunctionScriptingTraits (0ms)
			SetupTypeCache (361ms)
			ReleaseScriptCaches (1ms)
			RebuildScriptCaches (50ms)
			SetupLoadedEditorAssemblies (427ms)
				LogAssemblyErrors (0ms)
				InitializePlatformSupportModulesInManaged (6ms)
				SetLoadedEditorAssemblies (1ms)
				RefreshPlugins (1ms)
				BeforeProcessingInitializeOnLoad (86ms)
				ProcessInitializeOnLoadAttributes (305ms)
				ProcessInitializeOnLoadMethodAttributes (15ms)
				AfterProcessingInitializeOnLoad (14ms)
				EditorAssembliesLoaded (0ms)
			ExecutionOrderSort2 (0ms)
			AwakeInstancesAfterBackupRestoration (13ms)
Platform modules already initialized, skipping
Refreshing native plugins compatible for Editor in 0.60 ms, found 3 plugins.
Preloading 0 native plugins for Editor in 0.00 ms.
Unloading 2187 Unused Serialized files (Serialized files now loaded: 0)
System memory in use before: 95.3 MB.
System memory in use after: 95.4 MB.

Unloading 17 unused Assets to reduce memory usage. Loaded Objects now: 2637.
Total: 3.486600 ms (FindLiveObjects: 0.251800 ms CreateObjectMapping: 0.073700 ms MarkObjects: 3.137200 ms  DeleteObjects: 0.022500 ms)

AssetImportParameters requested are different than current active one (requested -> active):
  custom:framework-win-MediaFoundation: 216162199b28c13a410421893ffa2e32 -> 
  custom:video-decoder-ogg-theora: a1e56fd34408186e4bbccfd4996cb3dc -> 
  custom:container-muxer-webm: aa71ff27fc2769a1b78a27578f13a17b -> 
  custom:container-demuxer-webm: 4f35f7cbe854078d1ac9338744f61a02 -> 
  custom:container-demuxer-ogg: 62fdf1f143b41e24485cea50d1cbac27 -> 
  custom:video-encoder-webm-vp8: eb34c28f22e8b96e1ab97ce403110664 -> 
  custom:video-codec-MediaFoundation-h265: 746d11721c4dcdbdad8f713fa42b33f4 -> 
  custom:video-decoder-webm-vp8: 9c59270c3fd7afecdb556c50c9e8de78 -> 
  custom:audio-decoder-ogg-vorbis: bf7c407c2cedff20999df2af8eb42d56 -> 
  custom:audio-encoder-webm-vorbis: bf7c407c2cedff20999df2af8eb42d56 -> 
